

/******************************************************************************************
* WriteStepFile diagnostics.
* Date:                           Sat Jun 11 13:28:41 2022 
* Produced by:                    The EXPRESS Data Manager Version 5.02.0100.07 : 28 Aug 2013
* Module:                         EDMstepFileFactory/EDMstandAlone
* Host:                           Abobakr-Laptop
* Database:                       C:\Users\mario\AppData\Local\Temp\5e602919-352e-47de-8704-b25862076fef\5fe2cfec-8380-4b31-b6a1-25cea545cff7\ifc
* Database version:               5507
* Database creation date:         Sat Jun 11 13:28:39 2022
* Model:                          DataRepository.ifc
* Model creation date:            Sat Jun 11 13:28:39 2022
* Header model:                   DataRepository.ifc_HeaderModel
* Header model creation date:     Sat Jun 11 13:28:39 2022
* Step file:                      Arch-model.ifc
* EDMuser:                        sdai-user
* EDMgroup:                       sdai-group
* License ID and type:            5605 : Permanent license. Expiry date: 
* EDMstepFileFactory options:     020000
******************************************************************************************/


------------------------------------------------------------------------------------------------
Operation terminated successfully.
------------------------------------------------------------------------------------------------

